{"/home/isabella/Fullstack/Actividad4/src/config/db.js": {"path":"/home/isabella/Fullstack/Actividad4/src/config/db.js","statementMap":{"0":{"start":{"line":1,"column":17},"end":{"line":1,"column":36}},"1":{"start":{"line":3,"column":18},"end":{"line":11,"column":1}},"2":{"start":{"line":4,"column":2},"end":{"line":10,"column":3}},"3":{"start":{"line":5,"column":17},"end":{"line":5,"column":64}},"4":{"start":{"line":6,"column":4},"end":{"line":6,"column":62}},"5":{"start":{"line":8,"column":4},"end":{"line":8,"column":45}},"6":{"start":{"line":9,"column":4},"end":{"line":9,"column":20}},"7":{"start":{"line":13,"column":0},"end":{"line":13,"column":27}}},"fnMap":{"0":{"name":"(anonymous_0)","decl":{"start":{"line":3,"column":18},"end":{"line":3,"column":19}},"loc":{"start":{"line":3,"column":30},"end":{"line":11,"column":1}},"line":3}},"branchMap":{},"s":{"0":1,"1":1,"2":1,"3":1,"4":1,"5":0,"6":0,"7":1},"f":{"0":1},"b":{},"_coverageSchema":"1a1c01bbd47fc00a2c39e90264f33305004495a9","hash":"9ff4ef038f9d004cc029b572d11a1a9928c5bd0a"}
,"/home/isabella/Fullstack/Actividad4/src/controllers/authController.js": {"path":"/home/isabella/Fullstack/Actividad4/src/controllers/authController.js","statementMap":{"0":{"start":{"line":1,"column":12},"end":{"line":1,"column":35}},"1":{"start":{"line":2,"column":13},"end":{"line":2,"column":38}},"2":{"start":{"line":4,"column":22},"end":{"line":8,"column":1}},"3":{"start":{"line":5,"column":2},"end":{"line":7,"column":5}},"4":{"start":{"line":10,"column":0},"end":{"line":46,"column":2}},"5":{"start":{"line":11,"column":2},"end":{"line":45,"column":3}},"6":{"start":{"line":12,"column":42},"end":{"line":12,"column":50}},"7":{"start":{"line":14,"column":4},"end":{"line":19,"column":5}},"8":{"start":{"line":15,"column":6},"end":{"line":18,"column":9}},"9":{"start":{"line":21,"column":23},"end":{"line":21,"column":77}},"10":{"start":{"line":22,"column":4},"end":{"line":27,"column":5}},"11":{"start":{"line":23,"column":6},"end":{"line":26,"column":9}},"12":{"start":{"line":29,"column":17},"end":{"line":29,"column":65}},"13":{"start":{"line":31,"column":18},"end":{"line":31,"column":41}},"14":{"start":{"line":33,"column":4},"end":{"line":41,"column":7}},"15":{"start":{"line":43,"column":4},"end":{"line":43,"column":25}},"16":{"start":{"line":44,"column":4},"end":{"line":44,"column":84}},"17":{"start":{"line":48,"column":0},"end":{"line":90,"column":2}},"18":{"start":{"line":49,"column":2},"end":{"line":89,"column":3}},"19":{"start":{"line":50,"column":32},"end":{"line":50,"column":40}},"20":{"start":{"line":52,"column":4},"end":{"line":57,"column":5}},"21":{"start":{"line":53,"column":6},"end":{"line":56,"column":9}},"22":{"start":{"line":59,"column":17},"end":{"line":59,"column":66}},"23":{"start":{"line":60,"column":4},"end":{"line":65,"column":5}},"24":{"start":{"line":61,"column":6},"end":{"line":64,"column":9}},"25":{"start":{"line":67,"column":20},"end":{"line":67,"column":54}},"26":{"start":{"line":68,"column":4},"end":{"line":73,"column":5}},"27":{"start":{"line":69,"column":6},"end":{"line":72,"column":9}},"28":{"start":{"line":75,"column":18},"end":{"line":75,"column":41}},"29":{"start":{"line":77,"column":4},"end":{"line":85,"column":7}},"30":{"start":{"line":87,"column":4},"end":{"line":87,"column":25}},"31":{"start":{"line":88,"column":4},"end":{"line":88,"column":81}},"32":{"start":{"line":92,"column":0},"end":{"line":94,"column":2}},"33":{"start":{"line":93,"column":2},"end":{"line":93,"column":71}},"34":{"start":{"line":96,"column":0},"end":{"line":110,"column":2}},"35":{"start":{"line":97,"column":2},"end":{"line":109,"column":3}},"36":{"start":{"line":98,"column":17},"end":{"line":98,"column":49}},"37":{"start":{"line":99,"column":4},"end":{"line":106,"column":7}},"38":{"start":{"line":108,"column":4},"end":{"line":108,"column":82}}},"fnMap":{"0":{"name":"(anonymous_0)","decl":{"start":{"line":4,"column":22},"end":{"line":4,"column":23}},"loc":{"start":{"line":4,"column":30},"end":{"line":8,"column":1}},"line":4},"1":{"name":"(anonymous_1)","decl":{"start":{"line":10,"column":19},"end":{"line":10,"column":20}},"loc":{"start":{"line":10,"column":39},"end":{"line":46,"column":1}},"line":10},"2":{"name":"(anonymous_2)","decl":{"start":{"line":48,"column":16},"end":{"line":48,"column":17}},"loc":{"start":{"line":48,"column":36},"end":{"line":90,"column":1}},"line":48},"3":{"name":"(anonymous_3)","decl":{"start":{"line":92,"column":17},"end":{"line":92,"column":18}},"loc":{"start":{"line":92,"column":31},"end":{"line":94,"column":1}},"line":92},"4":{"name":"(anonymous_4)","decl":{"start":{"line":96,"column":16},"end":{"line":96,"column":17}},"loc":{"start":{"line":96,"column":36},"end":{"line":110,"column":1}},"line":96}},"branchMap":{"0":{"loc":{"start":{"line":6,"column":15},"end":{"line":6,"column":46}},"type":"binary-expr","locations":[{"start":{"line":6,"column":15},"end":{"line":6,"column":37}},{"start":{"line":6,"column":41},"end":{"line":6,"column":46}}],"line":6},"1":{"loc":{"start":{"line":14,"column":4},"end":{"line":19,"column":5}},"type":"if","locations":[{"start":{"line":14,"column":4},"end":{"line":19,"column":5}},{"start":{},"end":{}}],"line":14},"2":{"loc":{"start":{"line":14,"column":8},"end":{"line":14,"column":40}},"type":"binary-expr","locations":[{"start":{"line":14,"column":8},"end":{"line":14,"column":17}},{"start":{"line":14,"column":21},"end":{"line":14,"column":27}},{"start":{"line":14,"column":31},"end":{"line":14,"column":40}}],"line":14},"3":{"loc":{"start":{"line":22,"column":4},"end":{"line":27,"column":5}},"type":"if","locations":[{"start":{"line":22,"column":4},"end":{"line":27,"column":5}},{"start":{},"end":{}}],"line":22},"4":{"loc":{"start":{"line":52,"column":4},"end":{"line":57,"column":5}},"type":"if","locations":[{"start":{"line":52,"column":4},"end":{"line":57,"column":5}},{"start":{},"end":{}}],"line":52},"5":{"loc":{"start":{"line":52,"column":8},"end":{"line":52,"column":27}},"type":"binary-expr","locations":[{"start":{"line":52,"column":8},"end":{"line":52,"column":14}},{"start":{"line":52,"column":18},"end":{"line":52,"column":27}}],"line":52},"6":{"loc":{"start":{"line":60,"column":4},"end":{"line":65,"column":5}},"type":"if","locations":[{"start":{"line":60,"column":4},"end":{"line":65,"column":5}},{"start":{},"end":{}}],"line":60},"7":{"loc":{"start":{"line":68,"column":4},"end":{"line":73,"column":5}},"type":"if","locations":[{"start":{"line":68,"column":4},"end":{"line":73,"column":5}},{"start":{},"end":{}}],"line":68}},"s":{"0":1,"1":1,"2":1,"3":3,"4":1,"5":3,"6":3,"7":3,"8":1,"9":2,"10":2,"11":1,"12":1,"13":1,"14":1,"15":0,"16":0,"17":1,"18":4,"19":4,"20":4,"21":0,"22":4,"23":4,"24":1,"25":3,"26":3,"27":1,"28":2,"29":2,"30":0,"31":0,"32":1,"33":0,"34":1,"35":0,"36":0,"37":0,"38":0},"f":{"0":3,"1":3,"2":4,"3":0,"4":0},"b":{"0":[3,0],"1":[1,2],"2":[3,3,2],"3":[1,1],"4":[0,4],"5":[4,4],"6":[1,3],"7":[1,2]},"_coverageSchema":"1a1c01bbd47fc00a2c39e90264f33305004495a9","hash":"9dbaf159412ec7b4a292d3e63a3cb9915ed1ef0a"}
,"/home/isabella/Fullstack/Actividad4/src/controllers/productController.js": {"path":"/home/isabella/Fullstack/Actividad4/src/controllers/productController.js","statementMap":{"0":{"start":{"line":1,"column":16},"end":{"line":1,"column":44}},"1":{"start":{"line":3,"column":0},"end":{"line":17,"column":2}},"2":{"start":{"line":4,"column":2},"end":{"line":16,"column":3}},"3":{"start":{"line":5,"column":33},"end":{"line":5,"column":42}},"4":{"start":{"line":6,"column":16},"end":{"line":6,"column":37}},"5":{"start":{"line":8,"column":4},"end":{"line":8,"column":44}},"6":{"start":{"line":8,"column":18},"end":{"line":8,"column":44}},"7":{"start":{"line":9,"column":4},"end":{"line":9,"column":38}},"8":{"start":{"line":9,"column":16},"end":{"line":9,"column":38}},"9":{"start":{"line":11,"column":21},"end":{"line":11,"column":81}},"10":{"start":{"line":12,"column":4},"end":{"line":12,"column":66}},"11":{"start":{"line":14,"column":4},"end":{"line":14,"column":25}},"12":{"start":{"line":15,"column":4},"end":{"line":15,"column":84}},"13":{"start":{"line":19,"column":0},"end":{"line":32,"column":2}},"14":{"start":{"line":20,"column":2},"end":{"line":31,"column":3}},"15":{"start":{"line":21,"column":20},"end":{"line":21,"column":84}},"16":{"start":{"line":23,"column":4},"end":{"line":25,"column":5}},"17":{"start":{"line":24,"column":6},"end":{"line":24,"column":89}},"18":{"start":{"line":27,"column":4},"end":{"line":27,"column":41}},"19":{"start":{"line":29,"column":4},"end":{"line":29,"column":25}},"20":{"start":{"line":30,"column":4},"end":{"line":30,"column":83}},"21":{"start":{"line":34,"column":0},"end":{"line":67,"column":2}},"22":{"start":{"line":35,"column":2},"end":{"line":66,"column":3}},"23":{"start":{"line":36,"column":95},"end":{"line":36,"column":103}},"24":{"start":{"line":38,"column":4},"end":{"line":43,"column":5}},"25":{"start":{"line":39,"column":6},"end":{"line":42,"column":9}},"26":{"start":{"line":45,"column":20},"end":{"line":56,"column":6}},"27":{"start":{"line":58,"column":4},"end":{"line":58,"column":53}},"28":{"start":{"line":60,"column":4},"end":{"line":60,"column":25}},"29":{"start":{"line":61,"column":4},"end":{"line":64,"column":5}},"30":{"start":{"line":62,"column":23},"end":{"line":62,"column":70}},"31":{"start":{"line":62,"column":60},"end":{"line":62,"column":69}},"32":{"start":{"line":63,"column":6},"end":{"line":63,"column":84}},"33":{"start":{"line":65,"column":4},"end":{"line":65,"column":81}},"34":{"start":{"line":69,"column":0},"end":{"line":94,"column":2}},"35":{"start":{"line":70,"column":2},"end":{"line":93,"column":3}},"36":{"start":{"line":71,"column":95},"end":{"line":71,"column":103}},"37":{"start":{"line":73,"column":18},"end":{"line":73,"column":82}},"38":{"start":{"line":75,"column":4},"end":{"line":77,"column":5}},"39":{"start":{"line":76,"column":6},"end":{"line":76,"column":89}},"40":{"start":{"line":79,"column":4},"end":{"line":83,"column":6}},"41":{"start":{"line":85,"column":4},"end":{"line":85,"column":41}},"42":{"start":{"line":87,"column":4},"end":{"line":87,"column":25}},"43":{"start":{"line":88,"column":4},"end":{"line":91,"column":5}},"44":{"start":{"line":89,"column":23},"end":{"line":89,"column":70}},"45":{"start":{"line":89,"column":60},"end":{"line":89,"column":69}},"46":{"start":{"line":90,"column":6},"end":{"line":90,"column":84}},"47":{"start":{"line":92,"column":4},"end":{"line":92,"column":86}},"48":{"start":{"line":96,"column":0},"end":{"line":111,"column":2}},"49":{"start":{"line":97,"column":2},"end":{"line":110,"column":3}},"50":{"start":{"line":98,"column":20},"end":{"line":98,"column":84}},"51":{"start":{"line":100,"column":4},"end":{"line":102,"column":5}},"52":{"start":{"line":101,"column":6},"end":{"line":101,"column":89}},"53":{"start":{"line":104,"column":4},"end":{"line":104,"column":51}},"54":{"start":{"line":106,"column":4},"end":{"line":106,"column":77}},"55":{"start":{"line":108,"column":4},"end":{"line":108,"column":25}},"56":{"start":{"line":109,"column":4},"end":{"line":109,"column":84}}},"fnMap":{"0":{"name":"(anonymous_0)","decl":{"start":{"line":3,"column":22},"end":{"line":3,"column":23}},"loc":{"start":{"line":3,"column":42},"end":{"line":17,"column":1}},"line":3},"1":{"name":"(anonymous_1)","decl":{"start":{"line":19,"column":21},"end":{"line":19,"column":22}},"loc":{"start":{"line":19,"column":41},"end":{"line":32,"column":1}},"line":19},"2":{"name":"(anonymous_2)","decl":{"start":{"line":34,"column":24},"end":{"line":34,"column":25}},"loc":{"start":{"line":34,"column":44},"end":{"line":67,"column":1}},"line":34},"3":{"name":"(anonymous_3)","decl":{"start":{"line":62,"column":55},"end":{"line":62,"column":56}},"loc":{"start":{"line":62,"column":60},"end":{"line":62,"column":69}},"line":62},"4":{"name":"(anonymous_4)","decl":{"start":{"line":69,"column":24},"end":{"line":69,"column":25}},"loc":{"start":{"line":69,"column":44},"end":{"line":94,"column":1}},"line":69},"5":{"name":"(anonymous_5)","decl":{"start":{"line":89,"column":55},"end":{"line":89,"column":56}},"loc":{"start":{"line":89,"column":60},"end":{"line":89,"column":69}},"line":89},"6":{"name":"(anonymous_6)","decl":{"start":{"line":96,"column":24},"end":{"line":96,"column":25}},"loc":{"start":{"line":96,"column":44},"end":{"line":111,"column":1}},"line":96}},"branchMap":{"0":{"loc":{"start":{"line":8,"column":4},"end":{"line":8,"column":44}},"type":"if","locations":[{"start":{"line":8,"column":4},"end":{"line":8,"column":44}},{"start":{},"end":{}}],"line":8},"1":{"loc":{"start":{"line":9,"column":4},"end":{"line":9,"column":38}},"type":"if","locations":[{"start":{"line":9,"column":4},"end":{"line":9,"column":38}},{"start":{},"end":{}}],"line":9},"2":{"loc":{"start":{"line":23,"column":4},"end":{"line":25,"column":5}},"type":"if","locations":[{"start":{"line":23,"column":4},"end":{"line":25,"column":5}},{"start":{},"end":{}}],"line":23},"3":{"loc":{"start":{"line":38,"column":4},"end":{"line":43,"column":5}},"type":"if","locations":[{"start":{"line":38,"column":4},"end":{"line":43,"column":5}},{"start":{},"end":{}}],"line":38},"4":{"loc":{"start":{"line":38,"column":8},"end":{"line":38,"column":23}},"type":"binary-expr","locations":[{"start":{"line":38,"column":8},"end":{"line":38,"column":13}},{"start":{"line":38,"column":17},"end":{"line":38,"column":23}}],"line":38},"5":{"loc":{"start":{"line":49,"column":16},"end":{"line":49,"column":38}},"type":"binary-expr","locations":[{"start":{"line":49,"column":16},"end":{"line":49,"column":24}},{"start":{"line":49,"column":28},"end":{"line":49,"column":38}}],"line":49},"6":{"loc":{"start":{"line":50,"column":14},"end":{"line":50,"column":31}},"type":"binary-expr","locations":[{"start":{"line":50,"column":14},"end":{"line":50,"column":20}},{"start":{"line":50,"column":24},"end":{"line":50,"column":31}}],"line":50},"7":{"loc":{"start":{"line":51,"column":14},"end":{"line":51,"column":25}},"type":"binary-expr","locations":[{"start":{"line":51,"column":14},"end":{"line":51,"column":20}},{"start":{"line":51,"column":24},"end":{"line":51,"column":25}}],"line":51},"8":{"loc":{"start":{"line":52,"column":15},"end":{"line":52,"column":27}},"type":"binary-expr","locations":[{"start":{"line":52,"column":15},"end":{"line":52,"column":22}},{"start":{"line":52,"column":26},"end":{"line":52,"column":27}}],"line":52},"9":{"loc":{"start":{"line":53,"column":18},"end":{"line":53,"column":35}},"type":"binary-expr","locations":[{"start":{"line":53,"column":18},"end":{"line":53,"column":28}},{"start":{"line":53,"column":32},"end":{"line":53,"column":35}}],"line":53},"10":{"loc":{"start":{"line":54,"column":13},"end":{"line":54,"column":23}},"type":"binary-expr","locations":[{"start":{"line":54,"column":13},"end":{"line":54,"column":18}},{"start":{"line":54,"column":22},"end":{"line":54,"column":23}}],"line":54},"11":{"loc":{"start":{"line":61,"column":4},"end":{"line":64,"column":5}},"type":"if","locations":[{"start":{"line":61,"column":4},"end":{"line":64,"column":5}},{"start":{},"end":{}}],"line":61},"12":{"loc":{"start":{"line":75,"column":4},"end":{"line":77,"column":5}},"type":"if","locations":[{"start":{"line":75,"column":4},"end":{"line":77,"column":5}},{"start":{},"end":{}}],"line":75},"13":{"loc":{"start":{"line":88,"column":4},"end":{"line":91,"column":5}},"type":"if","locations":[{"start":{"line":88,"column":4},"end":{"line":91,"column":5}},{"start":{},"end":{}}],"line":88},"14":{"loc":{"start":{"line":100,"column":4},"end":{"line":102,"column":5}},"type":"if","locations":[{"start":{"line":100,"column":4},"end":{"line":102,"column":5}},{"start":{},"end":{}}],"line":100}},"s":{"0":1,"1":1,"2":3,"3":3,"4":3,"5":3,"6":1,"7":3,"8":1,"9":3,"10":3,"11":0,"12":0,"13":1,"14":2,"15":2,"16":2,"17":1,"18":1,"19":0,"20":0,"21":1,"22":4,"23":4,"24":4,"25":1,"26":3,"27":2,"28":1,"29":1,"30":1,"31":1,"32":1,"33":0,"34":1,"35":1,"36":1,"37":1,"38":1,"39":0,"40":1,"41":1,"42":0,"43":0,"44":0,"45":0,"46":0,"47":0,"48":1,"49":2,"50":2,"51":2,"52":1,"53":1,"54":1,"55":0,"56":0},"f":{"0":3,"1":2,"2":4,"3":1,"4":1,"5":0,"6":2},"b":{"0":[1,2],"1":[1,2],"2":[1,1],"3":[1,3],"4":[4,3],"5":[3,2],"6":[3,1],"7":[3,2],"8":[3,2],"9":[3,2],"10":[3,2],"11":[1,0],"12":[0,1],"13":[0,0],"14":[1,1]},"_coverageSchema":"1a1c01bbd47fc00a2c39e90264f33305004495a9","hash":"54bd4273f9b1b3e01e03c8073559403d5a888b68"}
,"/home/isabella/Fullstack/Actividad4/src/middleware/auth.js": {"path":"/home/isabella/Fullstack/Actividad4/src/middleware/auth.js","statementMap":{"0":{"start":{"line":1,"column":12},"end":{"line":1,"column":35}},"1":{"start":{"line":2,"column":13},"end":{"line":2,"column":38}},"2":{"start":{"line":4,"column":16},"end":{"line":27,"column":1}},"3":{"start":{"line":7,"column":2},"end":{"line":22,"column":3}},"4":{"start":{"line":8,"column":4},"end":{"line":21,"column":5}},"5":{"start":{"line":9,"column":6},"end":{"line":9,"column":54}},"6":{"start":{"line":10,"column":22},"end":{"line":10,"column":98}},"7":{"start":{"line":11,"column":6},"end":{"line":11,"column":49}},"8":{"start":{"line":13,"column":6},"end":{"line":15,"column":7}},"9":{"start":{"line":14,"column":8},"end":{"line":14,"column":90}},"10":{"start":{"line":17,"column":6},"end":{"line":17,"column":13}},"11":{"start":{"line":19,"column":6},"end":{"line":19,"column":27}},"12":{"start":{"line":20,"column":6},"end":{"line":20,"column":82}},"13":{"start":{"line":24,"column":2},"end":{"line":26,"column":3}},"14":{"start":{"line":25,"column":4},"end":{"line":25,"column":102}},"15":{"start":{"line":29,"column":0},"end":{"line":29,"column":29}}},"fnMap":{"0":{"name":"(anonymous_0)","decl":{"start":{"line":4,"column":16},"end":{"line":4,"column":17}},"loc":{"start":{"line":4,"column":42},"end":{"line":27,"column":1}},"line":4}},"branchMap":{"0":{"loc":{"start":{"line":7,"column":2},"end":{"line":22,"column":3}},"type":"if","locations":[{"start":{"line":7,"column":2},"end":{"line":22,"column":3}},{"start":{},"end":{}}],"line":7},"1":{"loc":{"start":{"line":7,"column":6},"end":{"line":7,"column":81}},"type":"binary-expr","locations":[{"start":{"line":7,"column":6},"end":{"line":7,"column":31}},{"start":{"line":7,"column":35},"end":{"line":7,"column":81}}],"line":7},"2":{"loc":{"start":{"line":10,"column":40},"end":{"line":10,"column":97}},"type":"binary-expr","locations":[{"start":{"line":10,"column":40},"end":{"line":10,"column":62}},{"start":{"line":10,"column":66},"end":{"line":10,"column":97}}],"line":10},"3":{"loc":{"start":{"line":13,"column":6},"end":{"line":15,"column":7}},"type":"if","locations":[{"start":{"line":13,"column":6},"end":{"line":15,"column":7}},{"start":{},"end":{}}],"line":13},"4":{"loc":{"start":{"line":24,"column":2},"end":{"line":26,"column":3}},"type":"if","locations":[{"start":{"line":24,"column":2},"end":{"line":26,"column":3}},{"start":{},"end":{}}],"line":24}},"s":{"0":2,"1":2,"2":2,"3":16,"4":15,"5":15,"6":15,"7":14,"8":14,"9":1,"10":13,"11":1,"12":1,"13":14,"14":1,"15":2},"f":{"0":16},"b":{"0":[15,1],"1":[16,15],"2":[15,3],"3":[1,13],"4":[1,13]},"_coverageSchema":"1a1c01bbd47fc00a2c39e90264f33305004495a9","hash":"240d67b16e13106e174f9e36e281ced03395762c"}
,"/home/isabella/Fullstack/Actividad4/src/models/Product.js": {"path":"/home/isabella/Fullstack/Actividad4/src/models/Product.js","statementMap":{"0":{"start":{"line":1,"column":17},"end":{"line":1,"column":36}},"1":{"start":{"line":3,"column":21},"end":{"line":3,"column":61}},"2":{"start":{"line":4,"column":19},"end":{"line":4,"column":74}},"3":{"start":{"line":6,"column":22},"end":{"line":70,"column":2}},"4":{"start":{"line":72,"column":0},"end":{"line":72,"column":38}},"5":{"start":{"line":73,"column":0},"end":{"line":73,"column":48}},"6":{"start":{"line":75,"column":0},"end":{"line":75,"column":58}}},"fnMap":{},"branchMap":{},"s":{"0":1,"1":1,"2":1,"3":1,"4":1,"5":1,"6":1},"f":{},"b":{},"_coverageSchema":"1a1c01bbd47fc00a2c39e90264f33305004495a9","hash":"014e489ff318efdf603a1b22d2a11f36693656c9"}
,"/home/isabella/Fullstack/Actividad4/src/models/User.js": {"path":"/home/isabella/Fullstack/Actividad4/src/models/User.js","statementMap":{"0":{"start":{"line":1,"column":17},"end":{"line":1,"column":36}},"1":{"start":{"line":2,"column":15},"end":{"line":2,"column":34}},"2":{"start":{"line":4,"column":19},"end":{"line":29,"column":2}},"3":{"start":{"line":31,"column":0},"end":{"line":38,"column":3}},"4":{"start":{"line":32,"column":2},"end":{"line":34,"column":3}},"5":{"start":{"line":33,"column":4},"end":{"line":33,"column":18}},"6":{"start":{"line":35,"column":15},"end":{"line":35,"column":39}},"7":{"start":{"line":36,"column":2},"end":{"line":36,"column":57}},"8":{"start":{"line":37,"column":2},"end":{"line":37,"column":9}},"9":{"start":{"line":40,"column":0},"end":{"line":42,"column":2}},"10":{"start":{"line":41,"column":2},"end":{"line":41,"column":62}},"11":{"start":{"line":44,"column":0},"end":{"line":44,"column":52}}},"fnMap":{"0":{"name":"(anonymous_0)","decl":{"start":{"line":31,"column":23},"end":{"line":31,"column":24}},"loc":{"start":{"line":31,"column":44},"end":{"line":38,"column":1}},"line":31},"1":{"name":"(anonymous_1)","decl":{"start":{"line":40,"column":35},"end":{"line":40,"column":36}},"loc":{"start":{"line":40,"column":67},"end":{"line":42,"column":1}},"line":40}},"branchMap":{"0":{"loc":{"start":{"line":32,"column":2},"end":{"line":34,"column":3}},"type":"if","locations":[{"start":{"line":32,"column":2},"end":{"line":34,"column":3}},{"start":{},"end":{}}],"line":32}},"s":{"0":2,"1":2,"2":2,"3":2,"4":2,"5":0,"6":2,"7":2,"8":2,"9":2,"10":3,"11":2},"f":{"0":2,"1":3},"b":{"0":[0,2]},"_coverageSchema":"1a1c01bbd47fc00a2c39e90264f33305004495a9","hash":"645314f3d360cc756423ae710736ee6f9be41a90"}
,"/home/isabella/Fullstack/Actividad4/src/routes/authRoutes.js": {"path":"/home/isabella/Fullstack/Actividad4/src/routes/authRoutes.js","statementMap":{"0":{"start":{"line":1,"column":16},"end":{"line":1,"column":34}},"1":{"start":{"line":2,"column":15},"end":{"line":2,"column":31}},"2":{"start":{"line":3,"column":43},"end":{"line":3,"column":83}},"3":{"start":{"line":4,"column":20},"end":{"line":4,"column":49}},"4":{"start":{"line":6,"column":0},"end":{"line":6,"column":35}},"5":{"start":{"line":7,"column":0},"end":{"line":7,"column":29}},"6":{"start":{"line":8,"column":0},"end":{"line":8,"column":40}},"7":{"start":{"line":9,"column":0},"end":{"line":9,"column":34}},"8":{"start":{"line":11,"column":0},"end":{"line":11,"column":24}}},"fnMap":{},"branchMap":{},"s":{"0":1,"1":1,"2":1,"3":1,"4":1,"5":1,"6":1,"7":1,"8":1},"f":{},"b":{},"_coverageSchema":"1a1c01bbd47fc00a2c39e90264f33305004495a9","hash":"11fde8e1bd06d492bf638a71e255e361ca2a0a4e"}
,"/home/isabella/Fullstack/Actividad4/src/routes/productRoutes.js": {"path":"/home/isabella/Fullstack/Actividad4/src/routes/productRoutes.js","statementMap":{"0":{"start":{"line":1,"column":16},"end":{"line":1,"column":34}},"1":{"start":{"line":2,"column":15},"end":{"line":2,"column":31}},"2":{"start":{"line":9,"column":4},"end":{"line":9,"column":47}},"3":{"start":{"line":10,"column":20},"end":{"line":10,"column":49}},"4":{"start":{"line":12,"column":0},"end":{"line":12,"column":20}},"5":{"start":{"line":14,"column":0},"end":{"line":16,"column":23}},"6":{"start":{"line":18,"column":0},"end":{"line":21,"column":25}},"7":{"start":{"line":23,"column":0},"end":{"line":23,"column":24}}},"fnMap":{},"branchMap":{},"s":{"0":1,"1":1,"2":1,"3":1,"4":1,"5":1,"6":1,"7":1},"f":{},"b":{},"_coverageSchema":"1a1c01bbd47fc00a2c39e90264f33305004495a9","hash":"ae571be5337d4689a73455b320ac04fc04a9c227"}
}
