TN:
SF:src/config/db.js
FN:3,(anonymous_0)
FNF:1
FNH:1
FNDA:1,(anonymous_0)
DA:1,1
DA:3,1
DA:4,1
DA:5,1
DA:6,1
DA:8,0
DA:9,0
DA:13,1
LF:8
LH:6
BRF:0
BRH:0
end_of_record
TN:
SF:src/controllers/authController.js
FN:4,(anonymous_0)
FN:10,(anonymous_1)
FN:48,(anonymous_2)
FN:92,(anonymous_3)
FN:96,(anonymous_4)
FNF:5
FNH:3
FNDA:3,(anonymous_0)
FNDA:3,(anonymous_1)
FNDA:4,(anonymous_2)
FNDA:0,(anonymous_3)
FNDA:0,(anonymous_4)
DA:1,1
DA:2,1
DA:4,1
DA:5,3
DA:10,1
DA:11,3
DA:12,3
DA:14,3
DA:15,1
DA:21,2
DA:22,2
DA:23,1
DA:29,1
DA:31,1
DA:33,1
DA:43,0
DA:44,0
DA:48,1
DA:49,4
DA:50,4
DA:52,4
DA:53,0
DA:59,4
DA:60,4
DA:61,1
DA:67,3
DA:68,3
DA:69,1
DA:75,2
DA:77,2
DA:87,0
DA:88,0
DA:92,1
DA:93,0
DA:96,1
DA:97,0
DA:98,0
DA:99,0
DA:108,0
LF:39
LH:29
BRDA:6,0,0,3
BRDA:6,0,1,0
BRDA:14,1,0,1
BRDA:14,1,1,2
BRDA:14,2,0,3
BRDA:14,2,1,3
BRDA:14,2,2,2
BRDA:22,3,0,1
BRDA:22,3,1,1
BRDA:52,4,0,0
BRDA:52,4,1,4
BRDA:52,5,0,4
BRDA:52,5,1,4
BRDA:60,6,0,1
BRDA:60,6,1,3
BRDA:68,7,0,1
BRDA:68,7,1,2
BRF:17
BRH:15
end_of_record
TN:
SF:src/controllers/productController.js
FN:3,(anonymous_0)
FN:19,(anonymous_1)
FN:34,(anonymous_2)
FN:62,(anonymous_3)
FN:69,(anonymous_4)
FN:89,(anonymous_5)
FN:96,(anonymous_6)
FNF:7
FNH:6
FNDA:3,(anonymous_0)
FNDA:2,(anonymous_1)
FNDA:4,(anonymous_2)
FNDA:1,(anonymous_3)
FNDA:1,(anonymous_4)
FNDA:0,(anonymous_5)
FNDA:2,(anonymous_6)
DA:1,1
DA:3,1
DA:4,3
DA:5,3
DA:6,3
DA:8,3
DA:9,3
DA:11,3
DA:12,3
DA:14,0
DA:15,0
DA:19,1
DA:20,2
DA:21,2
DA:23,2
DA:24,1
DA:27,1
DA:29,0
DA:30,0
DA:34,1
DA:35,4
DA:36,4
DA:38,4
DA:39,1
DA:45,3
DA:58,2
DA:60,1
DA:61,1
DA:62,1
DA:63,1
DA:65,0
DA:69,1
DA:70,1
DA:71,1
DA:73,1
DA:75,1
DA:76,0
DA:79,1
DA:85,1
DA:87,0
DA:88,0
DA:89,0
DA:90,0
DA:92,0
DA:96,1
DA:97,2
DA:98,2
DA:100,2
DA:101,1
DA:104,1
DA:106,1
DA:108,0
DA:109,0
LF:53
LH:40
BRDA:8,0,0,1
BRDA:8,0,1,2
BRDA:9,1,0,1
BRDA:9,1,1,2
BRDA:23,2,0,1
BRDA:23,2,1,1
BRDA:38,3,0,1
BRDA:38,3,1,3
BRDA:38,4,0,4
BRDA:38,4,1,3
BRDA:49,5,0,3
BRDA:49,5,1,2
BRDA:50,6,0,3
BRDA:50,6,1,1
BRDA:51,7,0,3
BRDA:51,7,1,2
BRDA:52,8,0,3
BRDA:52,8,1,2
BRDA:53,9,0,3
BRDA:53,9,1,2
BRDA:54,10,0,3
BRDA:54,10,1,2
BRDA:61,11,0,1
BRDA:61,11,1,0
BRDA:75,12,0,0
BRDA:75,12,1,1
BRDA:88,13,0,0
BRDA:88,13,1,0
BRDA:100,14,0,1
BRDA:100,14,1,1
BRF:30
BRH:26
end_of_record
TN:
SF:src/middleware/auth.js
FN:4,(anonymous_0)
FNF:1
FNH:1
FNDA:16,(anonymous_0)
DA:1,2
DA:2,2
DA:4,2
DA:7,16
DA:8,15
DA:9,15
DA:10,15
DA:11,14
DA:13,14
DA:14,1
DA:17,13
DA:19,1
DA:20,1
DA:24,14
DA:25,1
DA:29,2
LF:16
LH:16
BRDA:7,0,0,15
BRDA:7,0,1,1
BRDA:7,1,0,16
BRDA:7,1,1,15
BRDA:10,2,0,15
BRDA:10,2,1,3
BRDA:13,3,0,1
BRDA:13,3,1,13
BRDA:24,4,0,1
BRDA:24,4,1,13
BRF:10
BRH:10
end_of_record
TN:
SF:src/models/Product.js
FNF:0
FNH:0
DA:1,1
DA:3,1
DA:4,1
DA:6,1
DA:72,1
DA:73,1
DA:75,1
LF:7
LH:7
BRF:0
BRH:0
end_of_record
TN:
SF:src/models/User.js
FN:31,(anonymous_0)
FN:40,(anonymous_1)
FNF:2
FNH:2
FNDA:2,(anonymous_0)
FNDA:3,(anonymous_1)
DA:1,2
DA:2,2
DA:4,2
DA:31,2
DA:32,2
DA:33,0
DA:35,2
DA:36,2
DA:37,2
DA:40,2
DA:41,3
DA:44,2
LF:12
LH:11
BRDA:32,0,0,0
BRDA:32,0,1,2
BRF:2
BRH:1
end_of_record
TN:
SF:src/routes/authRoutes.js
FNF:0
FNH:0
DA:1,1
DA:2,1
DA:3,1
DA:4,1
DA:6,1
DA:7,1
DA:8,1
DA:9,1
DA:11,1
LF:9
LH:9
BRF:0
BRH:0
end_of_record
TN:
SF:src/routes/productRoutes.js
FNF:0
FNH:0
DA:1,1
DA:2,1
DA:9,1
DA:10,1
DA:12,1
DA:14,1
DA:18,1
DA:23,1
LF:8
LH:8
BRF:0
BRH:0
end_of_record
